[2026-02-23 15:06:17] - INFO - Starting Paper Trading Bot...
[2026-02-23 15:07:00] - INFO - Starting Paper Trading Bot...
[2026-02-23 15:07:15] - INFO - Starting Paper Trading Bot...
[2026-02-23 15:07:15] - WARNING - ‼️ Broker connection lost or not started. Attempting to connect...
[2026-02-23 15:07:15] - INFO - Connecting to 127.0.0.1:4002 with clientId 1...
[2026-02-23 15:07:15] - INFO - Connected
[2026-02-23 15:07:15] - INFO - Logged on to server version 176
[2026-02-23 15:07:15] - INFO - Warning 2104, reqId -1: Market data farm connection is OK:usfarm
[2026-02-23 15:07:15] - INFO - Warning 2106, reqId -1: HMDS data farm connection is OK:ushmds
[2026-02-23 15:07:15] - INFO - Warning 2158, reqId -1: Sec-def data farm connection is OK:secdefil
[2026-02-23 15:07:15] - INFO - API connection ready
[2026-02-23 15:07:15] - INFO - position: Position(account='DUN336228', contract=Stock(conId=265598, symbol='AAPL', exchange='NASDAQ', currency='USD', localSymbol='AAPL', tradingClass='NMS'), position=2.0, avgCost=274.445)
[2026-02-23 15:07:15] - INFO - updatePortfolio: PortfolioItem(contract=Stock(conId=265598, symbol='AAPL', right='0', primaryExchange='NASDAQ', currency='USD', localSymbol='AAPL', tradingClass='NMS'), position=2.0, marketPrice=267.4500122, marketValue=534.9, averageCost=274.445, unrealizedPNL=-13.99, realizedPNL=0.0, account='DUN336228')
[2026-02-23 15:07:15] - INFO - Synchronization complete
[2026-02-23 15:07:15] - INFO - ‼️ Successfully connected to Interactive Brokers.
[2026-02-23 15:07:15] - INFO - Initiating daily buy scan...
[2026-02-23 15:08:08] - INFO - placeOrder: New order Trade(contract=Stock(conId=13181, symbol='AEE', exchange='SMART', primaryExchange='NYSE', currency='USD', localSymbol='AEE', tradingClass='AEE'), order=MarketOrder(orderId=29, clientId=1, action='BUY', totalQuantity=np.float64(2609.0)), orderStatus=OrderStatus(orderId=29, status='PendingSubmit', filled=0.0, remaining=0.0, avgFillPrice=0.0, permId=0, parentId=0, lastFillPrice=0.0, clientId=0, whyHeld='', mktCapPrice=0.0), fills=[], log=[TradeLogEntry(time=datetime.datetime(2026, 2, 23, 23, 8, 8, 764284, tzinfo=datetime.timezone.utc), status='PendingSubmit', message='', errorCode=0)], advancedError='')
[2026-02-23 15:08:08] - ERROR - Error 10349, reqId 29: Order TIF was set to DAY based on order preset.
[2026-02-23 15:08:08] - WARNING - Canceled order: Trade(contract=Stock(conId=13181, symbol='AEE', exchange='SMART', primaryExchange='NYSE', currency='USD', localSymbol='AEE', tradingClass='AEE'), order=MarketOrder(orderId=29, clientId=1, action='BUY', totalQuantity=np.float64(2609.0)), orderStatus=OrderStatus(orderId=29, status='Cancelled', filled=0.0, remaining=0.0, avgFillPrice=0.0, permId=0, parentId=0, lastFillPrice=0.0, clientId=0, whyHeld='', mktCapPrice=0.0), fills=[], log=[TradeLogEntry(time=datetime.datetime(2026, 2, 23, 23, 8, 8, 764284, tzinfo=datetime.timezone.utc), status='PendingSubmit', message='', errorCode=0), TradeLogEntry(time=datetime.datetime(2026, 2, 23, 23, 8, 8, 887288, tzinfo=datetime.timezone.utc), status='Cancelled', message='Error 10349, reqId 29: Order TIF was set to DAY based on order preset.', errorCode=10349)], advancedError='')
[2026-02-23 15:08:08] - INFO - Warning 399, reqId 29: Order Message: BUY 2,609 AEE NYSE Warning: Your order will not be placed at the exchange until 2026-02-24 09:30:00 US/Eastern.
[2026-02-23 15:08:08] - INFO - orderStatus: Trade(contract=Stock(conId=13181, symbol='AEE', exchange='SMART', primaryExchange='NYSE', currency='USD', localSymbol='AEE', tradingClass='AEE'), order=MarketOrder(orderId=29, clientId=1, permId=1356014120, action='BUY', totalQuantity=2609.0, lmtPrice=0.0, auxPrice=0.0), orderStatus=OrderStatus(orderId=29, status='PreSubmitted', filled=0.0, remaining=2609.0, avgFillPrice=0.0, permId=1356014120, parentId=0, lastFillPrice=0.0, clientId=1, whyHeld='', mktCapPrice=0.0), fills=[], log=[TradeLogEntry(time=datetime.datetime(2026, 2, 23, 23, 8, 8, 764284, tzinfo=datetime.timezone.utc), status='PendingSubmit', message='', errorCode=0), TradeLogEntry(time=datetime.datetime(2026, 2, 23, 23, 8, 8, 887288, tzinfo=datetime.timezone.utc), status='Cancelled', message='Error 10349, reqId 29: Order TIF was set to DAY based on order preset.', errorCode=10349), TradeLogEntry(time=datetime.datetime(2026, 2, 23, 23, 8, 8, 970491, tzinfo=datetime.timezone.utc), status='PreSubmitted', message='', errorCode=0)], advancedError='')
[2026-02-23 15:08:09] - INFO - updatePortfolio: PortfolioItem(contract=Stock(conId=265598, symbol='AAPL', right='0', primaryExchange='NASDAQ', currency='USD', localSymbol='AAPL', tradingClass='NMS'), position=2.0, marketPrice=267.51000975, marketValue=535.02, averageCost=274.445, unrealizedPNL=-13.87, realizedPNL=0.0, account='DUN336228')
[2026-02-23 15:08:11] - INFO - placeOrder: New order Trade(contract=Stock(conId=4211, symbol='AEP', exchange='SMART', primaryExchange='NASDAQ', currency='USD', localSymbol='AEP', tradingClass='NMS'), order=MarketOrder(orderId=32, clientId=1, action='BUY', totalQuantity=np.float64(1973.0)), orderStatus=OrderStatus(orderId=32, status='PendingSubmit', filled=0.0, remaining=0.0, avgFillPrice=0.0, permId=0, parentId=0, lastFillPrice=0.0, clientId=0, whyHeld='', mktCapPrice=0.0), fills=[], log=[TradeLogEntry(time=datetime.datetime(2026, 2, 23, 23, 8, 11, 139330, tzinfo=datetime.timezone.utc), status='PendingSubmit', message='', errorCode=0)], advancedError='')
[2026-02-23 15:08:11] - ERROR - Error 10349, reqId 32: Order TIF was set to DAY based on order preset.
[2026-02-23 15:08:11] - WARNING - Canceled order: Trade(contract=Stock(conId=4211, symbol='AEP', exchange='SMART', primaryExchange='NASDAQ', currency='USD', localSymbol='AEP', tradingClass='NMS'), order=MarketOrder(orderId=32, clientId=1, action='BUY', totalQuantity=np.float64(1973.0)), orderStatus=OrderStatus(orderId=32, status='Cancelled', filled=0.0, remaining=0.0, avgFillPrice=0.0, permId=0, parentId=0, lastFillPrice=0.0, clientId=0, whyHeld='', mktCapPrice=0.0), fills=[], log=[TradeLogEntry(time=datetime.datetime(2026, 2, 23, 23, 8, 11, 139330, tzinfo=datetime.timezone.utc), status='PendingSubmit', message='', errorCode=0), TradeLogEntry(time=datetime.datetime(2026, 2, 23, 23, 8, 11, 142929, tzinfo=datetime.timezone.utc), status='Cancelled', message='Error 10349, reqId 32: Order TIF was set to DAY based on order preset.', errorCode=10349)], advancedError='')
[2026-02-23 15:08:11] - INFO - Warning 399, reqId 32: Order Message: BUY 1,973 AEP NASDAQ.NMS Warning: Your order will not be placed at the exchange until 2026-02-24 09:30:00 US/Eastern.
[2026-02-23 15:08:11] - INFO - orderStatus: Trade(contract=Stock(conId=4211, symbol='AEP', exchange='SMART', primaryExchange='NASDAQ', currency='USD', localSymbol='AEP', tradingClass='NMS'), order=MarketOrder(orderId=32, clientId=1, permId=1356014121, action='BUY', totalQuantity=1973.0, lmtPrice=0.0, auxPrice=0.0), orderStatus=OrderStatus(orderId=32, status='PreSubmitted', filled=0.0, remaining=1973.0, avgFillPrice=0.0, permId=1356014121, parentId=0, lastFillPrice=0.0, clientId=1, whyHeld='', mktCapPrice=0.0), fills=[], log=[TradeLogEntry(time=datetime.datetime(2026, 2, 23, 23, 8, 11, 139330, tzinfo=datetime.timezone.utc), status='PendingSubmit', message='', errorCode=0), TradeLogEntry(time=datetime.datetime(2026, 2, 23, 23, 8, 11, 142929, tzinfo=datetime.timezone.utc), status='Cancelled', message='Error 10349, reqId 32: Order TIF was set to DAY based on order preset.', errorCode=10349), TradeLogEntry(time=datetime.datetime(2026, 2, 23, 23, 8, 11, 198929, tzinfo=datetime.timezone.utc), status='PreSubmitted', message='', errorCode=0)], advancedError='')
[2026-02-23 15:09:25] - INFO - placeOrder: New order Trade(contract=Stock(conId=4886, symbol='BDX', exchange='SMART', primaryExchange='NYSE', currency='USD', localSymbol='BDX', tradingClass='BDX'), order=MarketOrder(orderId=68, clientId=1, action='BUY', totalQuantity=np.float64(1087.0)), orderStatus=OrderStatus(orderId=68, status='PendingSubmit', filled=0.0, remaining=0.0, avgFillPrice=0.0, permId=0, parentId=0, lastFillPrice=0.0, clientId=0, whyHeld='', mktCapPrice=0.0), fills=[], log=[TradeLogEntry(time=datetime.datetime(2026, 2, 23, 23, 9, 25, 421383, tzinfo=datetime.timezone.utc), status='PendingSubmit', message='', errorCode=0)], advancedError='')
[2026-02-23 15:09:25] - ERROR - Error 10349, reqId 68: Order TIF was set to DAY based on order preset.
[2026-02-23 15:09:25] - WARNING - Canceled order: Trade(contract=Stock(conId=4886, symbol='BDX', exchange='SMART', primaryExchange='NYSE', currency='USD', localSymbol='BDX', tradingClass='BDX'), order=MarketOrder(orderId=68, clientId=1, action='BUY', totalQuantity=np.float64(1087.0)), orderStatus=OrderStatus(orderId=68, status='Cancelled', filled=0.0, remaining=0.0, avgFillPrice=0.0, permId=0, parentId=0, lastFillPrice=0.0, clientId=0, whyHeld='', mktCapPrice=0.0), fills=[], log=[TradeLogEntry(time=datetime.datetime(2026, 2, 23, 23, 9, 25, 421383, tzinfo=datetime.timezone.utc), status='PendingSubmit', message='', errorCode=0), TradeLogEntry(time=datetime.datetime(2026, 2, 23, 23, 9, 25, 424596, tzinfo=datetime.timezone.utc), status='Cancelled', message='Error 10349, reqId 68: Order TIF was set to DAY based on order preset.', errorCode=10349)], advancedError='')
[2026-02-23 15:09:25] - INFO - Warning 399, reqId 68: Order Message: BUY 1,087 BDX NYSE Warning: Your order will not be placed at the exchange until 2026-02-24 09:30:00 US/Eastern.
[2026-02-23 15:09:25] - INFO - orderStatus: Trade(contract=Stock(conId=4886, symbol='BDX', exchange='SMART', primaryExchange='NYSE', currency='USD', localSymbol='BDX', tradingClass='BDX'), order=MarketOrder(orderId=68, clientId=1, permId=1356014122, action='BUY', totalQuantity=1087.0, lmtPrice=0.0, auxPrice=0.0), orderStatus=OrderStatus(orderId=68, status='PreSubmitted', filled=0.0, remaining=1087.0, avgFillPrice=0.0, permId=1356014122, parentId=0, lastFillPrice=0.0, clientId=1, whyHeld='', mktCapPrice=0.0), fills=[], log=[TradeLogEntry(time=datetime.datetime(2026, 2, 23, 23, 9, 25, 421383, tzinfo=datetime.timezone.utc), status='PendingSubmit', message='', errorCode=0), TradeLogEntry(time=datetime.datetime(2026, 2, 23, 23, 9, 25, 424596, tzinfo=datetime.timezone.utc), status='Cancelled', message='Error 10349, reqId 68: Order TIF was set to DAY based on order preset.', errorCode=10349), TradeLogEntry(time=datetime.datetime(2026, 2, 23, 23, 9, 25, 481466, tzinfo=datetime.timezone.utc), status='PreSubmitted', message='', errorCode=0)], advancedError='')
[2026-02-23 15:09:27] - ERROR - Error 200, reqId 69: No security definition has been found for the request, contract: Stock(symbol='BRK-B', exchange='SMART', currency='USD')
[2026-02-23 15:09:35] - INFO - updatePortfolio: PortfolioItem(contract=Stock(conId=265598, symbol='AAPL', right='0', primaryExchange='NASDAQ', currency='USD', localSymbol='AAPL', tradingClass='NMS'), position=2.0, marketPrice=267.51000975, marketValue=535.02, averageCost=274.445, unrealizedPNL=-13.87, realizedPNL=0.0, account='DUN336228')
[2026-02-23 15:09:49] - ERROR - Peer closed connection.
[2026-02-23 15:09:49] - ERROR - CRITICAL ERROR: The bot crashed! Details: Socket disconnect
Traceback (most recent call last):
  File "/home/saltchicken/Projects/MarketData/.venv/lib/python3.12/site-packages/ib_insync/util.py", line 341, in run
    result = loop.run_until_complete(task)
             ^^^^^^^^^^^^^^^^^^^^^^^^^^^^^
  File "/home/saltchicken/.local/share/uv/python/cpython-3.12.12-linux-x86_64-gnu/lib/python3.12/asyncio/base_events.py", line 691, in run_until_complete
    return future.result()
           ^^^^^^^^^^^^^^^
  File "/home/saltchicken/.local/share/uv/python/cpython-3.12.12-linux-x86_64-gnu/lib/python3.12/asyncio/tasks.py", line 665, in sleep
    return await future
           ^^^^^^^^^^^^
asyncio.exceptions.CancelledError

During handling of the above exception, another exception occurred:

Traceback (most recent call last):
  File "/home/saltchicken/Projects/MarketData/__main__.py", line 152, in main
    run_daily_buy_scan(ib, config)
  File "/home/saltchicken/Projects/MarketData/__main__.py", line 104, in run_daily_buy_scan
    ib.sleep(2)  # Prevent API pacing errors
    ^^^^^^^^^^^
  File "/home/saltchicken/Projects/MarketData/.venv/lib/python3.12/site-packages/ib_insync/util.py", line 386, in sleep
    run(asyncio.sleep(secs))
  File "/home/saltchicken/Projects/MarketData/.venv/lib/python3.12/site-packages/ib_insync/util.py", line 343, in run
    raise globalErrorEvent.value() or e
ConnectionError: Socket disconnect
[2026-02-23 15:26:01] - INFO - Starting Paper Trading Bot...
[2026-02-23 15:26:01] - WARNING - ‼️ Broker connection lost or not started. Attempting to connect...
[2026-02-23 15:26:01] - INFO - Connecting to 127.0.0.1:4002 with clientId 1...
[2026-02-23 15:26:01] - INFO - Connected
[2026-02-23 15:26:01] - INFO - Logged on to server version 176
[2026-02-23 15:26:01] - INFO - Warning 2104, reqId -1: Market data farm connection is OK:usfarm
[2026-02-23 15:26:01] - INFO - Warning 2106, reqId -1: HMDS data farm connection is OK:ushmds
[2026-02-23 15:26:01] - INFO - Warning 2158, reqId -1: Sec-def data farm connection is OK:secdefil
[2026-02-23 15:26:01] - INFO - API connection ready
[2026-02-23 15:26:01] - INFO - position: Position(account='DUN336228', contract=Stock(conId=265598, symbol='AAPL', exchange='NASDAQ', currency='USD', localSymbol='AAPL', tradingClass='NMS'), position=2.0, avgCost=274.445)
[2026-02-23 15:26:02] - INFO - updatePortfolio: PortfolioItem(contract=Stock(conId=265598, symbol='AAPL', right='0', primaryExchange='NASDAQ', currency='USD', localSymbol='AAPL', tradingClass='NMS'), position=2.0, marketPrice=267.2000122, marketValue=534.4, averageCost=274.445, unrealizedPNL=-14.49, realizedPNL=0.0, account='DUN336228')
[2026-02-23 15:26:02] - INFO - Synchronization complete
[2026-02-23 15:26:02] - INFO - ‼️ Successfully connected to Interactive Brokers.
[2026-02-23 15:26:02] - INFO - Initiating daily buy scan...
[2026-02-23 15:26:58] - INFO - placeOrder: New order Trade(contract=Stock(conId=13181, symbol='AEE', exchange='SMART', primaryExchange='NYSE', currency='USD', localSymbol='AEE', tradingClass='AEE'), order=MarketOrder(orderId=97, clientId=1, action='BUY', totalQuantity=np.float64(90.0)), orderStatus=OrderStatus(orderId=97, status='PendingSubmit', filled=0.0, remaining=0.0, avgFillPrice=0.0, permId=0, parentId=0, lastFillPrice=0.0, clientId=0, whyHeld='', mktCapPrice=0.0), fills=[], log=[TradeLogEntry(time=datetime.datetime(2026, 2, 23, 23, 26, 58, 365302, tzinfo=datetime.timezone.utc), status='PendingSubmit', message='', errorCode=0)], advancedError='')
[2026-02-23 15:26:58] - ERROR - Error 10349, reqId 97: Order TIF was set to DAY based on order preset.
[2026-02-23 15:26:58] - WARNING - Canceled order: Trade(contract=Stock(conId=13181, symbol='AEE', exchange='SMART', primaryExchange='NYSE', currency='USD', localSymbol='AEE', tradingClass='AEE'), order=MarketOrder(orderId=97, clientId=1, action='BUY', totalQuantity=np.float64(90.0)), orderStatus=OrderStatus(orderId=97, status='Cancelled', filled=0.0, remaining=0.0, avgFillPrice=0.0, permId=0, parentId=0, lastFillPrice=0.0, clientId=0, whyHeld='', mktCapPrice=0.0), fills=[], log=[TradeLogEntry(time=datetime.datetime(2026, 2, 23, 23, 26, 58, 365302, tzinfo=datetime.timezone.utc), status='PendingSubmit', message='', errorCode=0), TradeLogEntry(time=datetime.datetime(2026, 2, 23, 23, 26, 58, 457274, tzinfo=datetime.timezone.utc), status='Cancelled', message='Error 10349, reqId 97: Order TIF was set to DAY based on order preset.', errorCode=10349)], advancedError='')
[2026-02-23 15:26:58] - INFO - Warning 399, reqId 97: Order Message: BUY 90 AEE NYSE Warning: Your order will not be placed at the exchange until 2026-02-24 09:30:00 US/Eastern.
[2026-02-23 15:26:58] - INFO - orderStatus: Trade(contract=Stock(conId=13181, symbol='AEE', exchange='SMART', primaryExchange='NYSE', currency='USD', localSymbol='AEE', tradingClass='AEE'), order=MarketOrder(orderId=97, clientId=1, permId=1779229250, action='BUY', totalQuantity=90.0, lmtPrice=0.0, auxPrice=0.0), orderStatus=OrderStatus(orderId=97, status='PreSubmitted', filled=0.0, remaining=90.0, avgFillPrice=0.0, permId=1779229250, parentId=0, lastFillPrice=0.0, clientId=1, whyHeld='', mktCapPrice=0.0), fills=[], log=[TradeLogEntry(time=datetime.datetime(2026, 2, 23, 23, 26, 58, 365302, tzinfo=datetime.timezone.utc), status='PendingSubmit', message='', errorCode=0), TradeLogEntry(time=datetime.datetime(2026, 2, 23, 23, 26, 58, 457274, tzinfo=datetime.timezone.utc), status='Cancelled', message='Error 10349, reqId 97: Order TIF was set to DAY based on order preset.', errorCode=10349), TradeLogEntry(time=datetime.datetime(2026, 2, 23, 23, 26, 58, 537833, tzinfo=datetime.timezone.utc), status='PreSubmitted', message='', errorCode=0)], advancedError='')
[2026-02-23 15:26:59] - INFO - updatePortfolio: PortfolioItem(contract=Stock(conId=265598, symbol='AAPL', right='0', primaryExchange='NASDAQ', currency='USD', localSymbol='AAPL', tradingClass='NMS'), position=2.0, marketPrice=267.2000122, marketValue=534.4, averageCost=274.445, unrealizedPNL=-14.49, realizedPNL=0.0, account='DUN336228')
[2026-02-23 15:27:00] - INFO - placeOrder: New order Trade(contract=Stock(conId=4211, symbol='AEP', exchange='SMART', primaryExchange='NASDAQ', currency='USD', localSymbol='AEP', tradingClass='NMS'), order=MarketOrder(orderId=100, clientId=1, action='BUY', totalQuantity=np.float64(76.0)), orderStatus=OrderStatus(orderId=100, status='PendingSubmit', filled=0.0, remaining=0.0, avgFillPrice=0.0, permId=0, parentId=0, lastFillPrice=0.0, clientId=0, whyHeld='', mktCapPrice=0.0), fills=[], log=[TradeLogEntry(time=datetime.datetime(2026, 2, 23, 23, 27, 0, 805299, tzinfo=datetime.timezone.utc), status='PendingSubmit', message='', errorCode=0)], advancedError='')
[2026-02-23 15:27:00] - ERROR - Error 10349, reqId 100: Order TIF was set to DAY based on order preset.
[2026-02-23 15:27:00] - WARNING - Canceled order: Trade(contract=Stock(conId=4211, symbol='AEP', exchange='SMART', primaryExchange='NASDAQ', currency='USD', localSymbol='AEP', tradingClass='NMS'), order=MarketOrder(orderId=100, clientId=1, action='BUY', totalQuantity=np.float64(76.0)), orderStatus=OrderStatus(orderId=100, status='Cancelled', filled=0.0, remaining=0.0, avgFillPrice=0.0, permId=0, parentId=0, lastFillPrice=0.0, clientId=0, whyHeld='', mktCapPrice=0.0), fills=[], log=[TradeLogEntry(time=datetime.datetime(2026, 2, 23, 23, 27, 0, 805299, tzinfo=datetime.timezone.utc), status='PendingSubmit', message='', errorCode=0), TradeLogEntry(time=datetime.datetime(2026, 2, 23, 23, 27, 0, 860854, tzinfo=datetime.timezone.utc), status='Cancelled', message='Error 10349, reqId 100: Order TIF was set to DAY based on order preset.', errorCode=10349)], advancedError='')
[2026-02-23 15:27:00] - INFO - Warning 399, reqId 100: Order Message: BUY 76 AEP NASDAQ.NMS Warning: Your order will not be placed at the exchange until 2026-02-24 09:30:00 US/Eastern.
[2026-02-23 15:27:00] - INFO - orderStatus: Trade(contract=Stock(conId=4211, symbol='AEP', exchange='SMART', primaryExchange='NASDAQ', currency='USD', localSymbol='AEP', tradingClass='NMS'), order=MarketOrder(orderId=100, clientId=1, permId=1779229251, action='BUY', totalQuantity=76.0, lmtPrice=0.0, auxPrice=0.0), orderStatus=OrderStatus(orderId=100, status='PreSubmitted', filled=0.0, remaining=76.0, avgFillPrice=0.0, permId=1779229251, parentId=0, lastFillPrice=0.0, clientId=1, whyHeld='', mktCapPrice=0.0), fills=[], log=[TradeLogEntry(time=datetime.datetime(2026, 2, 23, 23, 27, 0, 805299, tzinfo=datetime.timezone.utc), status='PendingSubmit', message='', errorCode=0), TradeLogEntry(time=datetime.datetime(2026, 2, 23, 23, 27, 0, 860854, tzinfo=datetime.timezone.utc), status='Cancelled', message='Error 10349, reqId 100: Order TIF was set to DAY based on order preset.', errorCode=10349), TradeLogEntry(time=datetime.datetime(2026, 2, 23, 23, 27, 0, 916648, tzinfo=datetime.timezone.utc), status='PreSubmitted', message='', errorCode=0)], advancedError='')
[2026-02-23 15:27:13] - ERROR - Peer closed connection.
[2026-02-23 15:27:13] - ERROR - ‼️ Connection or execution error encountered: Socket disconnect
[2026-02-23 15:27:13] - INFO - ‼️ Cleaning up connection state and retrying in 60 seconds...
[2026-02-23 15:28:13] - WARNING - ‼️ Broker connection lost or not started. Attempting to connect...
[2026-02-23 15:28:13] - INFO - Connecting to 127.0.0.1:4002 with clientId 1...
[2026-02-23 15:28:13] - INFO - Connected
[2026-02-23 15:28:13] - INFO - Logged on to server version 176
[2026-02-23 15:28:13] - INFO - openOrder: Trade(contract=Stock(conId=13181, symbol='AEE', right='?', exchange='SMART', currency='USD', localSymbol='AEE', tradingClass='AEE'), order=Order(orderId=97, clientId=1, permId=1779229250, action='BUY', totalQuantity=90.0, orderType='MKT', lmtPrice=0.0, auxPrice=0.0, tif='DAY', ocaType=3, displaySize=2147483647, rule80A='0', openClose='', volatilityType=0, deltaNeutralOrderType='None', referencePriceType=0, account='DUN336228', clearingIntent='IB', adjustedOrderType='None', cashQty=0.0, dontUseAutoPriceForHedge=True), orderStatus=OrderStatus(orderId=97, status='PreSubmitted', filled=0.0, remaining=0.0, avgFillPrice=0.0, permId=0, parentId=0, lastFillPrice=0.0, clientId=0, whyHeld='', mktCapPrice=0.0), fills=[], log=[], advancedError='')
[2026-02-23 15:28:13] - INFO - orderStatus: Trade(contract=Stock(conId=13181, symbol='AEE', right='?', exchange='SMART', currency='USD', localSymbol='AEE', tradingClass='AEE'), order=Order(orderId=97, clientId=1, permId=1779229250, action='BUY', totalQuantity=90.0, orderType='MKT', lmtPrice=0.0, auxPrice=0.0, tif='DAY', ocaType=3, displaySize=2147483647, rule80A='0', openClose='', volatilityType=0, deltaNeutralOrderType='None', referencePriceType=0, account='DUN336228', clearingIntent='IB', adjustedOrderType='None', cashQty=0.0, dontUseAutoPriceForHedge=True), orderStatus=OrderStatus(orderId=97, status='PreSubmitted', filled=0.0, remaining=90.0, avgFillPrice=0.0, permId=1779229250, parentId=0, lastFillPrice=0.0, clientId=1, whyHeld='', mktCapPrice=0.0), fills=[], log=[TradeLogEntry(time=datetime.datetime(2026, 2, 23, 23, 28, 13, 489128, tzinfo=datetime.timezone.utc), status='PreSubmitted', message='', errorCode=0)], advancedError='')
[2026-02-23 15:28:13] - INFO - openOrder: Trade(contract=Stock(conId=4211, symbol='AEP', right='?', exchange='SMART', currency='USD', localSymbol='AEP', tradingClass='NMS'), order=Order(orderId=100, clientId=1, permId=1779229251, action='BUY', totalQuantity=76.0, orderType='MKT', lmtPrice=0.0, auxPrice=0.0, tif='DAY', ocaType=3, displaySize=2147483647, rule80A='0', openClose='', volatilityType=0, deltaNeutralOrderType='None', referencePriceType=0, account='DUN336228', clearingIntent='IB', adjustedOrderType='None', cashQty=0.0, dontUseAutoPriceForHedge=True), orderStatus=OrderStatus(orderId=100, status='PreSubmitted', filled=0.0, remaining=0.0, avgFillPrice=0.0, permId=0, parentId=0, lastFillPrice=0.0, clientId=0, whyHeld='', mktCapPrice=0.0), fills=[], log=[], advancedError='')
[2026-02-23 15:28:13] - INFO - orderStatus: Trade(contract=Stock(conId=4211, symbol='AEP', right='?', exchange='SMART', currency='USD', localSymbol='AEP', tradingClass='NMS'), order=Order(orderId=100, clientId=1, permId=1779229251, action='BUY', totalQuantity=76.0, orderType='MKT', lmtPrice=0.0, auxPrice=0.0, tif='DAY', ocaType=3, displaySize=2147483647, rule80A='0', openClose='', volatilityType=0, deltaNeutralOrderType='None', referencePriceType=0, account='DUN336228', clearingIntent='IB', adjustedOrderType='None', cashQty=0.0, dontUseAutoPriceForHedge=True), orderStatus=OrderStatus(orderId=100, status='PreSubmitted', filled=0.0, remaining=76.0, avgFillPrice=0.0, permId=1779229251, parentId=0, lastFillPrice=0.0, clientId=1, whyHeld='', mktCapPrice=0.0), fills=[], log=[TradeLogEntry(time=datetime.datetime(2026, 2, 23, 23, 28, 13, 530110, tzinfo=datetime.timezone.utc), status='PreSubmitted', message='', errorCode=0)], advancedError='')
[2026-02-23 15:28:13] - INFO - Warning 2104, reqId -1: Market data farm connection is OK:usfarm
[2026-02-23 15:28:13] - INFO - Warning 2106, reqId -1: HMDS data farm connection is OK:ushmds
[2026-02-23 15:28:13] - INFO - Warning 2158, reqId -1: Sec-def data farm connection is OK:secdefil
[2026-02-23 15:28:13] - INFO - API connection ready
[2026-02-23 15:28:13] - INFO - position: Position(account='DUN336228', contract=Stock(conId=265598, symbol='AAPL', exchange='NASDAQ', currency='USD', localSymbol='AAPL', tradingClass='NMS'), position=2.0, avgCost=274.445)
[2026-02-23 15:28:13] - INFO - updatePortfolio: PortfolioItem(contract=Stock(conId=265598, symbol='AAPL', right='0', primaryExchange='NASDAQ', currency='USD', localSymbol='AAPL', tradingClass='NMS'), position=2.0, marketPrice=267.2000122, marketValue=534.4, averageCost=274.445, unrealizedPNL=-14.49, realizedPNL=0.0, account='DUN336228')
[2026-02-23 15:28:13] - INFO - Synchronization complete
[2026-02-23 15:28:13] - INFO - ‼️ Successfully connected to Interactive Brokers.
[2026-02-23 15:28:13] - INFO - Initiating daily buy scan...
[2026-02-23 15:30:26] - INFO - placeOrder: New order Trade(contract=Stock(conId=4886, symbol='BDX', exchange='SMART', primaryExchange='NYSE', currency='USD', localSymbol='BDX', tradingClass='BDX'), order=MarketOrder(orderId=162, clientId=1, action='BUY', totalQuantity=np.float64(54.0)), orderStatus=OrderStatus(orderId=162, status='PendingSubmit', filled=0.0, remaining=0.0, avgFillPrice=0.0, permId=0, parentId=0, lastFillPrice=0.0, clientId=0, whyHeld='', mktCapPrice=0.0), fills=[], log=[TradeLogEntry(time=datetime.datetime(2026, 2, 23, 23, 30, 26, 226132, tzinfo=datetime.timezone.utc), status='PendingSubmit', message='', errorCode=0)], advancedError='')
[2026-02-23 15:30:26] - ERROR - Error 10349, reqId 162: Order TIF was set to DAY based on order preset.
[2026-02-23 15:30:26] - WARNING - Canceled order: Trade(contract=Stock(conId=4886, symbol='BDX', exchange='SMART', primaryExchange='NYSE', currency='USD', localSymbol='BDX', tradingClass='BDX'), order=MarketOrder(orderId=162, clientId=1, action='BUY', totalQuantity=np.float64(54.0)), orderStatus=OrderStatus(orderId=162, status='Cancelled', filled=0.0, remaining=0.0, avgFillPrice=0.0, permId=0, parentId=0, lastFillPrice=0.0, clientId=0, whyHeld='', mktCapPrice=0.0), fills=[], log=[TradeLogEntry(time=datetime.datetime(2026, 2, 23, 23, 30, 26, 226132, tzinfo=datetime.timezone.utc), status='PendingSubmit', message='', errorCode=0), TradeLogEntry(time=datetime.datetime(2026, 2, 23, 23, 30, 26, 318310, tzinfo=datetime.timezone.utc), status='Cancelled', message='Error 10349, reqId 162: Order TIF was set to DAY based on order preset.', errorCode=10349)], advancedError='')
[2026-02-23 15:30:26] - INFO - Warning 399, reqId 162: Order Message: BUY 54 BDX NYSE Warning: Your order will not be placed at the exchange until 2026-02-24 09:30:00 US/Eastern.
[2026-02-23 15:30:26] - INFO - orderStatus: Trade(contract=Stock(conId=4886, symbol='BDX', exchange='SMART', primaryExchange='NYSE', currency='USD', localSymbol='BDX', tradingClass='BDX'), order=MarketOrder(orderId=162, clientId=1, permId=974331118, action='BUY', totalQuantity=54.0, lmtPrice=0.0, auxPrice=0.0), orderStatus=OrderStatus(orderId=162, status='PreSubmitted', filled=0.0, remaining=54.0, avgFillPrice=0.0, permId=974331118, parentId=0, lastFillPrice=0.0, clientId=1, whyHeld='', mktCapPrice=0.0), fills=[], log=[TradeLogEntry(time=datetime.datetime(2026, 2, 23, 23, 30, 26, 226132, tzinfo=datetime.timezone.utc), status='PendingSubmit', message='', errorCode=0), TradeLogEntry(time=datetime.datetime(2026, 2, 23, 23, 30, 26, 318310, tzinfo=datetime.timezone.utc), status='Cancelled', message='Error 10349, reqId 162: Order TIF was set to DAY based on order preset.', errorCode=10349), TradeLogEntry(time=datetime.datetime(2026, 2, 23, 23, 30, 26, 398678, tzinfo=datetime.timezone.utc), status='PreSubmitted', message='', errorCode=0)], advancedError='')
[2026-02-23 15:30:35] - INFO - updatePortfolio: PortfolioItem(contract=Stock(conId=265598, symbol='AAPL', right='0', primaryExchange='NASDAQ', currency='USD', localSymbol='AAPL', tradingClass='NMS'), position=2.0, marketPrice=267.2000122, marketValue=534.4, averageCost=274.445, unrealizedPNL=-14.49, realizedPNL=0.0, account='DUN336228')
[2026-02-23 15:31:23] - INFO - Manually stopped the trading bot.
[2026-02-23 15:31:23] - INFO - Disconnecting from 127.0.0.1:4002, 5.96 kB sent in 92 messages, 1.20 MB received in 511 messages, session time 250 s.
[2026-02-23 15:31:23] - INFO - Disconnecting
[2026-02-23 15:31:23] - INFO - Disconnected from Interactive Brokers.
[2026-02-23 15:32:38] - INFO - Starting Paper Trading Bot...
[2026-02-23 15:32:38] - WARNING - ‼️ Broker connection lost or not started. Attempting to connect...
[2026-02-23 15:32:38] - INFO - Connecting to 127.0.0.1:4002 with clientId 1...
[2026-02-23 15:32:38] - INFO - Connected
[2026-02-23 15:32:38] - INFO - Logged on to server version 176
[2026-02-23 15:32:38] - INFO - Warning 2104, reqId -1: Market data farm connection is OK:usfarm
[2026-02-23 15:32:38] - INFO - Warning 2106, reqId -1: HMDS data farm connection is OK:ushmds
[2026-02-23 15:32:38] - INFO - Warning 2158, reqId -1: Sec-def data farm connection is OK:secdefil
[2026-02-23 15:32:38] - INFO - API connection ready
[2026-02-23 15:32:38] - INFO - position: Position(account='DUN336228', contract=Stock(conId=265598, symbol='AAPL', exchange='NASDAQ', currency='USD', localSymbol='AAPL', tradingClass='NMS'), position=2.0, avgCost=274.445)
[2026-02-23 15:32:38] - INFO - updatePortfolio: PortfolioItem(contract=Stock(conId=265598, symbol='AAPL', right='0', primaryExchange='NASDAQ', currency='USD', localSymbol='AAPL', tradingClass='NMS'), position=2.0, marketPrice=267.2000122, marketValue=534.4, averageCost=274.445, unrealizedPNL=-14.49, realizedPNL=0.0, account='DUN336228')
[2026-02-23 15:32:39] - INFO - Synchronization complete
[2026-02-23 15:32:39] - INFO - ‼️ Successfully connected to Interactive Brokers.
[2026-02-23 15:32:39] - INFO - New day detected. Fetching fresh symbols for daily scan...
[2026-02-23 15:33:35] - INFO - placeOrder: New order Trade(contract=Stock(conId=13181, symbol='AEE', exchange='SMART', primaryExchange='NYSE', currency='USD', localSymbol='AEE', tradingClass='AEE'), order=MarketOrder(orderId=191, clientId=1, action='BUY', totalQuantity=np.float64(90.0)), orderStatus=OrderStatus(orderId=191, status='PendingSubmit', filled=0.0, remaining=0.0, avgFillPrice=0.0, permId=0, parentId=0, lastFillPrice=0.0, clientId=0, whyHeld='', mktCapPrice=0.0), fills=[], log=[TradeLogEntry(time=datetime.datetime(2026, 2, 23, 23, 33, 35, 163237, tzinfo=datetime.timezone.utc), status='PendingSubmit', message='', errorCode=0)], advancedError='')
[2026-02-23 15:33:35] - ERROR - Error 10349, reqId 191: Order TIF was set to DAY based on order preset.
[2026-02-23 15:33:35] - WARNING - Canceled order: Trade(contract=Stock(conId=13181, symbol='AEE', exchange='SMART', primaryExchange='NYSE', currency='USD', localSymbol='AEE', tradingClass='AEE'), order=MarketOrder(orderId=191, clientId=1, action='BUY', totalQuantity=np.float64(90.0)), orderStatus=OrderStatus(orderId=191, status='Cancelled', filled=0.0, remaining=0.0, avgFillPrice=0.0, permId=0, parentId=0, lastFillPrice=0.0, clientId=0, whyHeld='', mktCapPrice=0.0), fills=[], log=[TradeLogEntry(time=datetime.datetime(2026, 2, 23, 23, 33, 35, 163237, tzinfo=datetime.timezone.utc), status='PendingSubmit', message='', errorCode=0), TradeLogEntry(time=datetime.datetime(2026, 2, 23, 23, 33, 35, 256036, tzinfo=datetime.timezone.utc), status='Cancelled', message='Error 10349, reqId 191: Order TIF was set to DAY based on order preset.', errorCode=10349)], advancedError='')
[2026-02-23 15:33:35] - INFO - Warning 399, reqId 191: Order Message: BUY 90 AEE NYSE Warning: Your order will not be placed at the exchange until 2026-02-24 09:30:00 US/Eastern.
[2026-02-23 15:33:35] - INFO - orderStatus: Trade(contract=Stock(conId=13181, symbol='AEE', exchange='SMART', primaryExchange='NYSE', currency='USD', localSymbol='AEE', tradingClass='AEE'), order=MarketOrder(orderId=191, clientId=1, permId=1971119055, action='BUY', totalQuantity=90.0, lmtPrice=0.0, auxPrice=0.0), orderStatus=OrderStatus(orderId=191, status='PreSubmitted', filled=0.0, remaining=90.0, avgFillPrice=0.0, permId=1971119055, parentId=0, lastFillPrice=0.0, clientId=1, whyHeld='', mktCapPrice=0.0), fills=[], log=[TradeLogEntry(time=datetime.datetime(2026, 2, 23, 23, 33, 35, 163237, tzinfo=datetime.timezone.utc), status='PendingSubmit', message='', errorCode=0), TradeLogEntry(time=datetime.datetime(2026, 2, 23, 23, 33, 35, 256036, tzinfo=datetime.timezone.utc), status='Cancelled', message='Error 10349, reqId 191: Order TIF was set to DAY based on order preset.', errorCode=10349), TradeLogEntry(time=datetime.datetime(2026, 2, 23, 23, 33, 35, 338034, tzinfo=datetime.timezone.utc), status='PreSubmitted', message='', errorCode=0)], advancedError='')
[2026-02-23 15:33:35] - INFO - updatePortfolio: PortfolioItem(contract=Stock(conId=265598, symbol='AAPL', right='0', primaryExchange='NASDAQ', currency='USD', localSymbol='AAPL', tradingClass='NMS'), position=2.0, marketPrice=267.2000122, marketValue=534.4, averageCost=274.445, unrealizedPNL=-14.49, realizedPNL=0.0, account='DUN336228')
[2026-02-23 15:33:37] - INFO - placeOrder: New order Trade(contract=Stock(conId=4211, symbol='AEP', exchange='SMART', primaryExchange='NASDAQ', currency='USD', localSymbol='AEP', tradingClass='NMS'), order=MarketOrder(orderId=194, clientId=1, action='BUY', totalQuantity=np.float64(76.0)), orderStatus=OrderStatus(orderId=194, status='PendingSubmit', filled=0.0, remaining=0.0, avgFillPrice=0.0, permId=0, parentId=0, lastFillPrice=0.0, clientId=0, whyHeld='', mktCapPrice=0.0), fills=[], log=[TradeLogEntry(time=datetime.datetime(2026, 2, 23, 23, 33, 37, 596250, tzinfo=datetime.timezone.utc), status='PendingSubmit', message='', errorCode=0)], advancedError='')
[2026-02-23 15:33:37] - ERROR - Error 10349, reqId 194: Order TIF was set to DAY based on order preset.
[2026-02-23 15:33:37] - WARNING - Canceled order: Trade(contract=Stock(conId=4211, symbol='AEP', exchange='SMART', primaryExchange='NASDAQ', currency='USD', localSymbol='AEP', tradingClass='NMS'), order=MarketOrder(orderId=194, clientId=1, action='BUY', totalQuantity=np.float64(76.0)), orderStatus=OrderStatus(orderId=194, status='Cancelled', filled=0.0, remaining=0.0, avgFillPrice=0.0, permId=0, parentId=0, lastFillPrice=0.0, clientId=0, whyHeld='', mktCapPrice=0.0), fills=[], log=[TradeLogEntry(time=datetime.datetime(2026, 2, 23, 23, 33, 37, 596250, tzinfo=datetime.timezone.utc), status='PendingSubmit', message='', errorCode=0), TradeLogEntry(time=datetime.datetime(2026, 2, 23, 23, 33, 37, 652142, tzinfo=datetime.timezone.utc), status='Cancelled', message='Error 10349, reqId 194: Order TIF was set to DAY based on order preset.', errorCode=10349)], advancedError='')
[2026-02-23 15:33:37] - INFO - Warning 399, reqId 194: Order Message: BUY 76 AEP NASDAQ.NMS Warning: Your order will not be placed at the exchange until 2026-02-24 09:30:00 US/Eastern.
[2026-02-23 15:33:37] - INFO - orderStatus: Trade(contract=Stock(conId=4211, symbol='AEP', exchange='SMART', primaryExchange='NASDAQ', currency='USD', localSymbol='AEP', tradingClass='NMS'), order=MarketOrder(orderId=194, clientId=1, permId=1971119056, action='BUY', totalQuantity=76.0, lmtPrice=0.0, auxPrice=0.0), orderStatus=OrderStatus(orderId=194, status='PreSubmitted', filled=0.0, remaining=76.0, avgFillPrice=0.0, permId=1971119056, parentId=0, lastFillPrice=0.0, clientId=1, whyHeld='', mktCapPrice=0.0), fills=[], log=[TradeLogEntry(time=datetime.datetime(2026, 2, 23, 23, 33, 37, 596250, tzinfo=datetime.timezone.utc), status='PendingSubmit', message='', errorCode=0), TradeLogEntry(time=datetime.datetime(2026, 2, 23, 23, 33, 37, 652142, tzinfo=datetime.timezone.utc), status='Cancelled', message='Error 10349, reqId 194: Order TIF was set to DAY based on order preset.', errorCode=10349), TradeLogEntry(time=datetime.datetime(2026, 2, 23, 23, 33, 37, 708056, tzinfo=datetime.timezone.utc), status='PreSubmitted', message='', errorCode=0)], advancedError='')
[2026-02-23 15:34:56] - INFO - placeOrder: New order Trade(contract=Stock(conId=4886, symbol='BDX', exchange='SMART', primaryExchange='NYSE', currency='USD', localSymbol='BDX', tradingClass='BDX'), order=MarketOrder(orderId=230, clientId=1, action='BUY', totalQuantity=np.float64(54.0)), orderStatus=OrderStatus(orderId=230, status='PendingSubmit', filled=0.0, remaining=0.0, avgFillPrice=0.0, permId=0, parentId=0, lastFillPrice=0.0, clientId=0, whyHeld='', mktCapPrice=0.0), fills=[], log=[TradeLogEntry(time=datetime.datetime(2026, 2, 23, 23, 34, 56, 259491, tzinfo=datetime.timezone.utc), status='PendingSubmit', message='', errorCode=0)], advancedError='')
[2026-02-23 15:34:56] - ERROR - Error 10349, reqId 230: Order TIF was set to DAY based on order preset.
[2026-02-23 15:34:56] - WARNING - Canceled order: Trade(contract=Stock(conId=4886, symbol='BDX', exchange='SMART', primaryExchange='NYSE', currency='USD', localSymbol='BDX', tradingClass='BDX'), order=MarketOrder(orderId=230, clientId=1, action='BUY', totalQuantity=np.float64(54.0)), orderStatus=OrderStatus(orderId=230, status='Cancelled', filled=0.0, remaining=0.0, avgFillPrice=0.0, permId=0, parentId=0, lastFillPrice=0.0, clientId=0, whyHeld='', mktCapPrice=0.0), fills=[], log=[TradeLogEntry(time=datetime.datetime(2026, 2, 23, 23, 34, 56, 259491, tzinfo=datetime.timezone.utc), status='PendingSubmit', message='', errorCode=0), TradeLogEntry(time=datetime.datetime(2026, 2, 23, 23, 34, 56, 314064, tzinfo=datetime.timezone.utc), status='Cancelled', message='Error 10349, reqId 230: Order TIF was set to DAY based on order preset.', errorCode=10349)], advancedError='')
[2026-02-23 15:34:56] - INFO - Warning 399, reqId 230: Order Message: BUY 54 BDX NYSE Warning: Your order will not be placed at the exchange until 2026-02-24 09:30:00 US/Eastern.
[2026-02-23 15:34:56] - INFO - orderStatus: Trade(contract=Stock(conId=4886, symbol='BDX', exchange='SMART', primaryExchange='NYSE', currency='USD', localSymbol='BDX', tradingClass='BDX'), order=MarketOrder(orderId=230, clientId=1, permId=1971119057, action='BUY', totalQuantity=54.0, lmtPrice=0.0, auxPrice=0.0), orderStatus=OrderStatus(orderId=230, status='PreSubmitted', filled=0.0, remaining=54.0, avgFillPrice=0.0, permId=1971119057, parentId=0, lastFillPrice=0.0, clientId=1, whyHeld='', mktCapPrice=0.0), fills=[], log=[TradeLogEntry(time=datetime.datetime(2026, 2, 23, 23, 34, 56, 259491, tzinfo=datetime.timezone.utc), status='PendingSubmit', message='', errorCode=0), TradeLogEntry(time=datetime.datetime(2026, 2, 23, 23, 34, 56, 314064, tzinfo=datetime.timezone.utc), status='Cancelled', message='Error 10349, reqId 230: Order TIF was set to DAY based on order preset.', errorCode=10349), TradeLogEntry(time=datetime.datetime(2026, 2, 23, 23, 34, 56, 369919, tzinfo=datetime.timezone.utc), status='PreSubmitted', message='', errorCode=0)], advancedError='')
